<?xml version="1.0" encoding="UTF-8"?>
<!-- Generated by org.testng.reporters.JUnitReportReporter -->
<testsuite hostname="Ubuntu" failures="0" tests="6" name="testNG.MyMathTest" time="0.035" errors="0" timestamp="2023-12-11T12:46:47 MEZ" skipped="0">
  <testcase classname="testNG.MyMathTest" name="testComparison" time="0.004"/>
  <system-out/>
  <testcase classname="testNG.MyMathTest" name="testDoubleDivision" time="0.002"/>
  <system-out/>
  <testcase classname="testNG.MyMathTest" name="testAddition" time="0.018"/>
  <system-out/>
  <testcase classname="testNG.MyMathTest" name="testDivision" time="0.003"/>
  <system-out/>
  <testcase classname="testNG.MyMathTest" name="testSubtraction" time="0.005"/>
  <system-out/>
  <testcase classname="testNG.MyMathTest" name="testMultiplication" time="0.003"/>
  <system-out/>
</testsuite> <!-- testNG.MyMathTest -->
